<?xml version="1.0" encoding="UTF-8"?>
<testng-results ignored="0" total="1" passed="1" failed="0" skipped="0">
  <reporter-output>
  </reporter-output>
  <suite started-at="2021-05-05T11:30:32Z" name="Default suite" finished-at="2021-05-05T11:30:44Z" duration-ms="12378">
    <groups>
    </groups>
    <test started-at="2021-05-05T11:30:32Z" name="Default test" finished-at="2021-05-05T11:30:44Z" duration-ms="12378">
      <class name="com.flipkart.tests.LoginTest">
        <test-method is-config="true" signature="setUp()[pri:0, instance:com.flipkart.tests.LoginTest@7ea37dbf]" started-at="2021-05-05T11:30:32Z" name="setUp" finished-at="2021-05-05T11:30:39Z" duration-ms="7750" status="PASS">
          <reporter-output>
          </reporter-output>
        </test-method> <!-- setUp -->
        <test-method signature="Login()[pri:0, instance:com.flipkart.tests.LoginTest@7ea37dbf]" started-at="2021-05-05T11:30:39Z" name="Login" finished-at="2021-05-05T11:30:44Z" duration-ms="4613" status="PASS">
          <reporter-output>
          </reporter-output>
        </test-method> <!-- Login -->
      </class> <!-- com.flipkart.tests.LoginTest -->
    </test> <!-- Default test -->
  </suite> <!-- Default suite -->
</testng-results>
